<?xml version="1.0" encoding="UTF-8"?>
<!-- Generated by org.testng.reporters.JUnitReportReporter -->
<testsuite hostname="HYDHTC100368L" name="sherpath.edu.app.AppTest" tests="1" failures="0" timestamp="5 Nov 2015 12:42:34 GMT" time="0.002" errors="0">
  <testcase name="testApp" time="0.002" classname="sherpath.edu.app.AppTest"/>
</testsuite> <!-- sherpath.edu.app.AppTest -->
